Using pre-set license
Built from '2023.2/staging' branch; Version is '2023.2.18f1 (1cb755715f58) revision 1881941'; Using compiler version '193431935'; Build Type 'Release'
OS: 'Windows 10  (10.0.19045) 64bit Professional' Language: 'en' Physical Memory: 12229 MB
BatchMode: 1, IsHumanControllingUs: 0, StartBugReporterOnCrash: 0, Is64bit: 1, IsPro: 1

COMMAND LINE ARGUMENTS:
E:\Unity\2023.2.18f1\Editor\Unity.exe
-adb2
-batchMode
-noUpm
-name
AssetImportWorker1
-projectPath
E:/Unity/BaiNhom3_Game/Plane_shooter_game
-logFile
Logs/AssetImportWorker1.log
-srvPort
65063
-job-worker-count
3
-background-job-worker-count
8
-asset-garbage-collectors
1
Successfully changed project path to: E:/Unity/BaiNhom3_Game/Plane_shooter_game
E:/Unity/BaiNhom3_Game/Plane_shooter_game
[UnityMemory] Configuration Parameters - Can be set up in boot.config
    "memorysetup-bucket-allocator-granularity=16"
    "memorysetup-bucket-allocator-bucket-count=8"
    "memorysetup-bucket-allocator-block-size=33554432"
    "memorysetup-bucket-allocator-block-count=8"
    "memorysetup-main-allocator-block-size=16777216"
    "memorysetup-thread-allocator-block-size=16777216"
    "memorysetup-gfx-main-allocator-block-size=16777216"
    "memorysetup-gfx-thread-allocator-block-size=16777216"
    "memorysetup-cache-allocator-block-size=4194304"
    "memorysetup-typetree-allocator-block-size=2097152"
    "memorysetup-profiler-bucket-allocator-granularity=16"
    "memorysetup-profiler-bucket-allocator-bucket-count=8"
    "memorysetup-profiler-bucket-allocator-block-size=33554432"
    "memorysetup-profiler-bucket-allocator-block-count=8"
    "memorysetup-profiler-allocator-block-size=16777216"
    "memorysetup-profiler-editor-allocator-block-size=1048576"
    "memorysetup-temp-allocator-size-main=16777216"
    "memorysetup-job-temp-allocator-block-size=2097152"
    "memorysetup-job-temp-allocator-block-size-background=1048576"
    "memorysetup-job-temp-allocator-reduction-small-platforms=262144"
    "memorysetup-allocator-temp-initial-block-size-main=262144"
    "memorysetup-allocator-temp-initial-block-size-worker=262144"
    "memorysetup-temp-allocator-size-background-worker=32768"
    "memorysetup-temp-allocator-size-job-worker=262144"
    "memorysetup-temp-allocator-size-preload-manager=33554432"
    "memorysetup-temp-allocator-size-nav-mesh-worker=65536"
    "memorysetup-temp-allocator-size-audio-worker=65536"
    "memorysetup-temp-allocator-size-cloud-worker=32768"
    "memorysetup-temp-allocator-size-gi-baking-worker=262144"
    "memorysetup-temp-allocator-size-gi-baking-worker=262144"
    "memorysetup-temp-allocator-size-gi-baking-worker=262144"
    "memorysetup-temp-allocator-size-gi-baking-worker=262144"
    "memorysetup-temp-allocator-size-gfx=262144"
Player connection [10516] Host "[IP] 192.168.0.146 [Port] 0 [Flags] 2 [Guid] 425298819 [EditorId] 425298819 [Version] 1048832 [Id] WindowsEditor(7,DESKTOP-U5C0O1B) [Debug] 1 [PackageName] WindowsEditor [ProjectName] Editor" joined multi-casting on [225.0.0.222:54997]...
Player connection [10516] Host "[IP] 192.168.0.146 [Port] 0 [Flags] 2 [Guid] 425298819 [EditorId] 425298819 [Version] 1048832 [Id] WindowsEditor(7,DESKTOP-U5C0O1B) [Debug] 1 [PackageName] WindowsEditor [ProjectName] Editor" joined alternative multi-casting on [225.0.0.222:34997]...
JobSystem: Creating JobQueue using job-worker-count value 3
[Physics::Module] Initialized MultithreadedJobDispatcher with 3 workers.
Library Redirect Path: Library/
Refreshing native plugins compatible for Editor in 1.50 ms, found 3 plugins.
Preloading 0 native plugins for Editor in 0.00 ms.
Initialize engine version: 2023.2.18f1 (1cb755715f58)
[Subsystems] Discovering subsystems at path E:/Unity/2023.2.18f1/Editor/Data/Resources/UnitySubsystems
[Subsystems] Discovering subsystems at path E:/Unity/BaiNhom3_Game/Plane_shooter_game/Assets
GfxDevice: creating device client; kGfxThreadingModeNonThreaded
Direct3D:
    Version:  Direct3D 11.0 [level 11.1]
    Renderer: NVIDIA GeForce GTX 1050 Ti (ID=0x1c82)
    Vendor:   NVIDIA
    VRAM:     4017 MB
Initialize mono
Mono path[0] = 'E:/Unity/2023.2.18f1/Editor/Data/Managed'
Mono path[1] = 'E:/Unity/2023.2.18f1/Editor/Data/MonoBleedingEdge/lib/mono/unityjit-win32'
Mono config path = 'E:/Unity/2023.2.18f1/Editor/Data/MonoBleedingEdge/etc'
Using monoOptions --debugger-agent=transport=dt_socket,embedding=1,server=y,suspend=n,address=127.0.0.1:56944
Begin MonoManager ReloadAssembly
C:\build\output\Unity-Technologies\mono\mono\metadata\icall.c:1842:
C:\build\output\Unity-Technologies\mono\mono\metadata\icall.c:1842:
C:\build\output\Unity-Technologies\mono\mono\metadata\icall.c:1842:
C:\build\output\Unity-Technologies\mono\mono\metadata\icall.c:1842:
C:\build\output\Unity-Technologies\mono\mono\metadata\icall.c:1842:
C:\build\output\Unity-Technologies\mono\mono\metadata\icall.c:1842:
C:\build\output\Unity-Technologies\mono\mono\metadata\icall.c:1842:
C:\build\output\Unity-Technologies\mono\mono\metadata\icall.c:1842:
C:\build\output\Unity-Technologies\mono\mono\metadata\icall.c:1842:
C:\build\output\Unity-Technologies\mono\mono\metadata\icall.c:1842:
Registering precompiled unity dll's ...
Register platform support module: E:/Unity/2023.2.18f1/Editor/Data/PlaybackEngines/WindowsStandaloneSupport/UnityEditor.WindowsStandalone.Extensions.dll
Registered in 0.004954 seconds.
- Loaded All Assemblies, in  0.665 seconds
Native extension for WindowsStandalone target not found
Mono: successfully reloaded assembly
C:\build\output\Unity-Technologies\mono\mono\metadata\icall.c:1842:
C:\build\output\Unity-Technologies\mono\mono\metadata\icall.c:1842:
- Finished resetting the current domain, in  0.482 seconds
Domain Reload Profiling: 1146ms
	BeginReloadAssembly (229ms)
		ExecutionOrderSort (0ms)
		DisableScriptedObjects (0ms)
		BackupInstance (0ms)
		ReleaseScriptingObjects (0ms)
		CreateAndSetChildDomain (2ms)
	RebuildCommonClasses (65ms)
	RebuildNativeTypeToScriptingClass (20ms)
	initialDomainReloadingComplete (78ms)
	LoadAllAssembliesAndSetupDomain (271ms)
		LoadAssemblies (225ms)
		RebuildTransferFunctionScriptingTraits (0ms)
		AnalyzeDomain (267ms)
			TypeCache.Refresh (265ms)
				TypeCache.ScanAssembly (239ms)
			BuildScriptInfoCaches (0ms)
			ResolveRequiredComponents (1ms)
	FinalizeReload (483ms)
		ReleaseScriptCaches (0ms)
		RebuildScriptCaches (0ms)
		SetupLoadedEditorAssemblies (410ms)
			LogAssemblyErrors (0ms)
			InitializePlatformSupportModulesInManaged (16ms)
			SetLoadedEditorAssemblies (9ms)
			BeforeProcessingInitializeOnLoad (10ms)
			ProcessInitializeOnLoadAttributes (301ms)
			ProcessInitializeOnLoadMethodAttributes (74ms)
			AfterProcessingInitializeOnLoad (0ms)
			EditorAssembliesLoaded (0ms)
		ExecutionOrderSort2 (0ms)
		AwakeInstancesAfterBackupRestoration (0ms)
========================================================================
Worker process is ready to serve import requests
Import Worker Mode flag is 0x00
Begin MonoManager ReloadAssembly
C:\build\output\Unity-Technologies\mono\mono\metadata\icall.c:1842:
C:\build\output\Unity-Technologies\mono\mono\metadata\icall.c:1842:
C:\build\output\Unity-Technologies\mono\mono\metadata\icall.c:1842:
C:\build\output\Unity-Technologies\mono\mono\metadata\icall.c:1842:
C:\build\output\Unity-Technologies\mono\mono\metadata\icall.c:1842:
C:\build\output\Unity-Technologies\mono\mono\metadata\icall.c:1842:
C:\build\output\Unity-Technologies\mono\mono\metadata\icall.c:1842:
C:\build\output\Unity-Technologies\mono\mono\metadata\icall.c:1842:
C:\build\output\Unity-Technologies\mono\mono\metadata\icall.c:1842:
C:\build\output\Unity-Technologies\mono\mono\metadata\icall.c:1842:
C:\build\output\Unity-Technologies\mono\mono\metadata\icall.c:1842:
C:\build\output\Unity-Technologies\mono\mono\metadata\icall.c:1842:
Symbol file LoadedFromMemory doesn't match image E:\Unity\BaiNhom3_Game\Plane_shooter_game\Library\PackageCache\com.unity.visualscripting@1.8.0\Editor\VisualScripting.Core\Dependencies\YamlDotNet\Unity.VisualScripting.YamlDotNet.dll
Symbol file LoadedFromMemory doesn't match image E:\Unity\BaiNhom3_Game\Plane_shooter_game\Library\PackageCache\com.unity.visualscripting@1.8.0\Editor\VisualScripting.Core\Dependencies\DotNetZip\Unity.VisualScripting.IonicZip.dll
- Loaded All Assemblies, in  1.318 seconds
Script 'RotationConstraint' has the same name as built-in Unity component.
AddComponent and GetComponent will not work with this script.
Refreshing native plugins compatible for Editor in 0.66 ms, found 3 plugins.
Native extension for WindowsStandalone target not found
Mono: successfully reloaded assembly
- Finished resetting the current domain, in  0.904 seconds
Domain Reload Profiling: 2221ms
	BeginReloadAssembly (668ms)
		ExecutionOrderSort (0ms)
		DisableScriptedObjects (9ms)
		BackupInstance (0ms)
		ReleaseScriptingObjects (0ms)
		CreateAndSetChildDomain (46ms)
	RebuildCommonClasses (58ms)
	RebuildNativeTypeToScriptingClass (23ms)
	initialDomainReloadingComplete (68ms)
	LoadAllAssembliesAndSetupDomain (499ms)
		LoadAssemblies (452ms)
		RebuildTransferFunctionScriptingTraits (0ms)
		AnalyzeDomain (236ms)
			TypeCache.Refresh (192ms)
				TypeCache.ScanAssembly (172ms)
			BuildScriptInfoCaches (32ms)
			ResolveRequiredComponents (9ms)
	FinalizeReload (904ms)
		ReleaseScriptCaches (0ms)
		RebuildScriptCaches (0ms)
		SetupLoadedEditorAssemblies (581ms)
			LogAssemblyErrors (0ms)
			InitializePlatformSupportModulesInManaged (4ms)
			SetLoadedEditorAssemblies (5ms)
			BeforeProcessingInitializeOnLoad (51ms)
			ProcessInitializeOnLoadAttributes (481ms)
			ProcessInitializeOnLoadMethodAttributes (35ms)
			AfterProcessingInitializeOnLoad (5ms)
			EditorAssembliesLoaded (0ms)
		ExecutionOrderSort2 (0ms)
		AwakeInstancesAfterBackupRestoration (14ms)
Launched and connected shader compiler UnityShaderCompiler.exe after 0.01 seconds
Refreshing native plugins compatible for Editor in 0.71 ms, found 3 plugins.
Preloading 0 native plugins for Editor in 0.00 ms.
Unloading 8 Unused Serialized files (Serialized files now loaded: 0)
Unloading 3104 unused Assets / (0.8 MB). Loaded Objects now: 3680.
Memory consumption went from 100.1 MB to 99.3 MB.
Total: 6.769100 ms (FindLiveObjects: 0.410000 ms CreateObjectMapping: 0.229500 ms MarkObjects: 5.066100 ms  DeleteObjects: 1.061900 ms)

========================================================================
Received Prepare
Begin MonoManager ReloadAssembly
C:\build\output\Unity-Technologies\mono\mono\metadata\icall.c:1842:
C:\build\output\Unity-Technologies\mono\mono\metadata\icall.c:1842:
C:\build\output\Unity-Technologies\mono\mono\metadata\icall.c:1842:
C:\build\output\Unity-Technologies\mono\mono\metadata\icall.c:1842:
C:\build\output\Unity-Technologies\mono\mono\metadata\icall.c:1842:
C:\build\output\Unity-Technologies\mono\mono\metadata\icall.c:1842:
C:\build\output\Unity-Technologies\mono\mono\metadata\icall.c:1842:
C:\build\output\Unity-Technologies\mono\mono\metadata\icall.c:1842:
C:\build\output\Unity-Technologies\mono\mono\metadata\icall.c:1842:
C:\build\output\Unity-Technologies\mono\mono\metadata\icall.c:1842:
C:\build\output\Unity-Technologies\mono\mono\metadata\icall.c:1842:
C:\build\output\Unity-Technologies\mono\mono\metadata\icall.c:1842:
Symbol file LoadedFromMemory doesn't match image E:\Unity\BaiNhom3_Game\Plane_shooter_game\Library\PackageCache\com.unity.visualscripting@1.8.0\Editor\VisualScripting.Core\Dependencies\YamlDotNet\Unity.VisualScripting.YamlDotNet.dll
Symbol file LoadedFromMemory doesn't match image E:\Unity\BaiNhom3_Game\Plane_shooter_game\Library\PackageCache\com.unity.visualscripting@1.8.0\Editor\VisualScripting.Core\Dependencies\DotNetZip\Unity.VisualScripting.IonicZip.dll
- Loaded All Assemblies, in  0.838 seconds
Script 'RotationConstraint' has the same name as built-in Unity component.
AddComponent and GetComponent will not work with this script.
Refreshing native plugins compatible for Editor in 0.69 ms, found 3 plugins.
Native extension for WindowsStandalone target not found
Mono: successfully reloaded assembly
- Finished resetting the current domain, in  0.972 seconds
Domain Reload Profiling: 1810ms
	BeginReloadAssembly (284ms)
		ExecutionOrderSort (0ms)
		DisableScriptedObjects (11ms)
		BackupInstance (0ms)
		ReleaseScriptingObjects (0ms)
		CreateAndSetChildDomain (55ms)
	RebuildCommonClasses (55ms)
	RebuildNativeTypeToScriptingClass (20ms)
	initialDomainReloadingComplete (41ms)
	LoadAllAssembliesAndSetupDomain (437ms)
		LoadAssemblies (436ms)
		RebuildTransferFunctionScriptingTraits (0ms)
		AnalyzeDomain (168ms)
			TypeCache.Refresh (7ms)
				TypeCache.ScanAssembly (0ms)
			BuildScriptInfoCaches (150ms)
			ResolveRequiredComponents (7ms)
	FinalizeReload (973ms)
		ReleaseScriptCaches (0ms)
		RebuildScriptCaches (0ms)
		SetupLoadedEditorAssemblies (629ms)
			LogAssemblyErrors (0ms)
			InitializePlatformSupportModulesInManaged (4ms)
			SetLoadedEditorAssemblies (5ms)
			BeforeProcessingInitializeOnLoad (56ms)
			ProcessInitializeOnLoadAttributes (522ms)
			ProcessInitializeOnLoadMethodAttributes (36ms)
			AfterProcessingInitializeOnLoad (5ms)
			EditorAssembliesLoaded (0ms)
		ExecutionOrderSort2 (0ms)
		AwakeInstancesAfterBackupRestoration (19ms)
Refreshing native plugins compatible for Editor in 0.84 ms, found 3 plugins.
Preloading 0 native plugins for Editor in 0.00 ms.
Unloading 1 Unused Serialized files (Serialized files now loaded: 0)
Unloading 3102 unused Assets / (0.6 MB). Loaded Objects now: 3680.
Memory consumption went from 100.8 MB to 100.1 MB.
Total: 10.384500 ms (FindLiveObjects: 0.793500 ms CreateObjectMapping: 0.460100 ms MarkObjects: 7.404400 ms  DeleteObjects: 1.724500 ms)

Prepare: number of updated asset objects reloaded= 0
========================================================================
Received Import Request.
  Time since last request: 33868.238217 seconds.
  path: Assets/Fonts/chewy.regular.ttf
  artifactKey: Guid(682a226b523365343b1a1d6975cc7f6c) Importer(2089858483,192608db42251d675da83286b1cce702)
Start importing Assets/Fonts/chewy.regular.ttf using Guid(682a226b523365343b1a1d6975cc7f6c) Importer(2089858483,192608db42251d675da83286b1cce702) (ScriptedImporter) -> (artifact id: '17da63479c057b3a4bb3c8fb7aec81be') in 0.2176461 seconds
Number of updated asset objects reloaded before import = 0Number of asset objects unloaded after import = 3

========================================================================
Received Import Request.
  Time since last request: 0.000026 seconds.
  path: Assets/Sounds/Saw Wobble 04.mp3
  artifactKey: Guid(e1e2ed971ec15494692a88e257235233) Importer(2089858483,192608db42251d675da83286b1cce702)
Start importing Assets/Sounds/Saw Wobble 04.mp3 using Guid(e1e2ed971ec15494692a88e257235233) Importer(2089858483,192608db42251d675da83286b1cce702) (ScriptedImporter) -> (artifact id: '829bdef7c87acab241a65ad742f11c6a') in 0.0494247 seconds
Number of updated asset objects reloaded before import = 0Number of asset objects unloaded after import = 1

========================================================================
Received Import Request.
  Time since last request: 0.000031 seconds.
  path: Assets/Scripts/Controller/GamePlayController.cs
  artifactKey: Guid(8cb44b87578fbc5458933fc70428eefb) Importer(2089858483,192608db42251d675da83286b1cce702)
Start importing Assets/Scripts/Controller/GamePlayController.cs using Guid(8cb44b87578fbc5458933fc70428eefb) Importer(2089858483,192608db42251d675da83286b1cce702) (ScriptedImporter) -> (artifact id: '8c53009e5026c21c45014700b3cbfbdb') in 0.0128289 seconds
Number of updated asset objects reloaded before import = 0Number of asset objects unloaded after import = 0

========================================================================
Received Import Request.
  Time since last request: 0.000068 seconds.
  path: Assets/Scripts/Enemies/HealthbarEnemy.cs
  artifactKey: Guid(0db260c64114e3742a413dd612f6b2e4) Importer(2089858483,192608db42251d675da83286b1cce702)
Start importing Assets/Scripts/Enemies/HealthbarEnemy.cs using Guid(0db260c64114e3742a413dd612f6b2e4) Importer(2089858483,192608db42251d675da83286b1cce702) (ScriptedImporter) -> (artifact id: 'bf0e3b07c784250a7d07fce02adab153') in 0.0063824 seconds
Number of updated asset objects reloaded before import = 0Number of asset objects unloaded after import = 0

========================================================================
Received Import Request.
  Time since last request: 0.000072 seconds.
  path: Assets/Prefabs/Explosions/Textures/part_shockwave_dff.tif
  artifactKey: Guid(04dbc0581071c254ea6564b2ff06ff9b) Importer(2089858483,192608db42251d675da83286b1cce702)
Start importing Assets/Prefabs/Explosions/Textures/part_shockwave_dff.tif using Guid(04dbc0581071c254ea6564b2ff06ff9b) Importer(2089858483,192608db42251d675da83286b1cce702) (ScriptedImporter) -> (artifact id: '572e058e8de9a8bbfc94c820c6aefcfa') in 0.0651798 seconds
Number of updated asset objects reloaded before import = 0Number of asset objects unloaded after import = 1

========================================================================
Received Import Request.
  Time since last request: 0.000039 seconds.
  path: Assets/Sounds/weapon_enemy.wav
  artifactKey: Guid(2f205065d2c2b8444aa0d0683c3e433b) Importer(2089858483,192608db42251d675da83286b1cce702)
Start importing Assets/Sounds/weapon_enemy.wav using Guid(2f205065d2c2b8444aa0d0683c3e433b) Importer(2089858483,192608db42251d675da83286b1cce702) (ScriptedImporter) -> (artifact id: '38a35e82491dc1e32151022bab4f5279') in 0.0699799 seconds
Number of updated asset objects reloaded before import = 0Number of asset objects unloaded after import = 1

========================================================================
Received Import Request.
  Time since last request: 0.000021 seconds.
  path: Assets/Sounds/explosion_player.wav
  artifactKey: Guid(96be97b0510c2f54f95420dfb17d372d) Importer(2089858483,192608db42251d675da83286b1cce702)
Start importing Assets/Sounds/explosion_player.wav using Guid(96be97b0510c2f54f95420dfb17d372d) Importer(2089858483,192608db42251d675da83286b1cce702) (ScriptedImporter) -> (artifact id: 'b2782a3c5656dd97ed45932f220c79f1') in 0.0673526 seconds
Number of updated asset objects reloaded before import = 0Number of asset objects unloaded after import = 1

========================================================================
Received Import Request.
  Time since last request: 0.000033 seconds.
  path: Assets/Scripts/Player/PlayerControllerHard.cs
  artifactKey: Guid(988fdbcd3e2671945a67b78f7822e2ba) Importer(2089858483,192608db42251d675da83286b1cce702)
Start importing Assets/Scripts/Player/PlayerControllerHard.cs using Guid(988fdbcd3e2671945a67b78f7822e2ba) Importer(2089858483,192608db42251d675da83286b1cce702) (ScriptedImporter) -> (artifact id: 'd23771470b27e51cd22d0523854ebf72') in 0.0042907 seconds
Number of updated asset objects reloaded before import = 0Number of asset objects unloaded after import = 0

========================================================================
Received Import Request.
  Time since last request: 0.000061 seconds.
  path: Assets/Sprites/Plane 4.png
  artifactKey: Guid(5299b88b2c704aa46958dbbe665b3b4f) Importer(2089858483,192608db42251d675da83286b1cce702)
Start importing Assets/Sprites/Plane 4.png using Guid(5299b88b2c704aa46958dbbe665b3b4f) Importer(2089858483,192608db42251d675da83286b1cce702) (ScriptedImporter) -> (artifact id: 'f1b065a4fe04eec6c30205a8cf620f10') in 0.0240003 seconds
Number of updated asset objects reloaded before import = 0Number of asset objects unloaded after import = 3

========================================================================
Received Import Request.
  Time since last request: 0.000019 seconds.
  path: Assets/Prefabs/Explosions/Materials/part_spark_large_mat.mat
  artifactKey: Guid(97b1f8b25cca2bc458cb9d6127c8d186) Importer(2089858483,192608db42251d675da83286b1cce702)
Start importing Assets/Prefabs/Explosions/Materials/part_spark_large_mat.mat using Guid(97b1f8b25cca2bc458cb9d6127c8d186) Importer(2089858483,192608db42251d675da83286b1cce702) (ScriptedImporter) -> (artifact id: 'f3c70e88848ca83362cc6715f932272c') in 0.0197095 seconds
Number of updated asset objects reloaded before import = 0Number of asset objects unloaded after import = 2

========================================================================
Received Import Request.
  Time since last request: 0.000024 seconds.
  path: Assets/Prefabs/Enemies/EnimyBoss.prefab
  artifactKey: Guid(9c77c80f8c64a644c87e64db9c8fec8c) Importer(2089858483,192608db42251d675da83286b1cce702)
Start importing Assets/Prefabs/Enemies/EnimyBoss.prefab using Guid(9c77c80f8c64a644c87e64db9c8fec8c) Importer(2089858483,192608db42251d675da83286b1cce702) (ScriptedImporter) -> (artifact id: '8e1dd6655031f8db39fc4466181129db') in 0.1088386 seconds
Number of updated asset objects reloaded before import = 0Number of asset objects unloaded after import = 50

========================================================================
Received Import Request.
  Time since last request: 0.000030 seconds.
  path: Assets/Prefabs/Bullets/3tia.prefab
  artifactKey: Guid(cea82c5978b7d6846938a3f1388b2985) Importer(2089858483,192608db42251d675da83286b1cce702)
Start importing Assets/Prefabs/Bullets/3tia.prefab using Guid(cea82c5978b7d6846938a3f1388b2985) Importer(2089858483,192608db42251d675da83286b1cce702) (ScriptedImporter) -> (artifact id: 'fa323dcf993aa05b44b26256858053a4') in 0.0522679 seconds
Number of updated asset objects reloaded before import = 0Number of asset objects unloaded after import = 54

========================================================================
Received Import Request.
  Time since last request: 0.000034 seconds.
  path: Assets/Standard Assets/CNControls/Scripts/Controllers/DpadAxis.cs
  artifactKey: Guid(0f6ae34570738c447a8f81bcb10d610c) Importer(2089858483,192608db42251d675da83286b1cce702)
Start importing Assets/Standard Assets/CNControls/Scripts/Controllers/DpadAxis.cs using Guid(0f6ae34570738c447a8f81bcb10d610c) Importer(2089858483,192608db42251d675da83286b1cce702) (ScriptedImporter) -> (artifact id: '7c7441932489e18fc64e77a5366dbf13') in 0.0055415 seconds
Number of updated asset objects reloaded before import = 0Number of asset objects unloaded after import = 0

========================================================================
Received Import Request.
  Time since last request: 0.000066 seconds.
  path: Assets/Scenes/GamePlayEasy.unity
  artifactKey: Guid(3c1e8e60043472e4caf0f627dd435f1b) Importer(2089858483,192608db42251d675da83286b1cce702)
Start importing Assets/Scenes/GamePlayEasy.unity using Guid(3c1e8e60043472e4caf0f627dd435f1b) Importer(2089858483,192608db42251d675da83286b1cce702) (ScriptedImporter) -> (artifact id: 'a30c960c2add1286df370057e7778bcd') in 0.0145926 seconds
Number of updated asset objects reloaded before import = 0Number of asset objects unloaded after import = 1

========================================================================
Received Import Request.
  Time since last request: 0.000031 seconds.
  path: Assets/Standard Assets/CNControls/Examples/Scenes/2D.unity
  artifactKey: Guid(e6fabbdad66303343829c93cd507d54a) Importer(2089858483,192608db42251d675da83286b1cce702)
Start importing Assets/Standard Assets/CNControls/Examples/Scenes/2D.unity using Guid(e6fabbdad66303343829c93cd507d54a) Importer(2089858483,192608db42251d675da83286b1cce702) (ScriptedImporter) -> (artifact id: 'ea33c57870af51d687b31c6f8d9f93a3') in 0.0079018 seconds
Number of updated asset objects reloaded before import = 0Number of asset objects unloaded after import = 1

========================================================================
Received Import Request.
  Time since last request: 0.000035 seconds.
  path: Assets/Prefabs/Enemies/Plane 5.prefab
  artifactKey: Guid(05a59e88b790a0b4e9cf64c0cf46c3de) Importer(2089858483,192608db42251d675da83286b1cce702)
Start importing Assets/Prefabs/Enemies/Plane 5.prefab using Guid(05a59e88b790a0b4e9cf64c0cf46c3de) Importer(2089858483,192608db42251d675da83286b1cce702) (ScriptedImporter) -> (artifact id: '3d46815ce95beb86a4a188bf1af69563') in 0.0159823 seconds
Number of updated asset objects reloaded before import = 0Number of asset objects unloaded after import = 10

========================================================================
Received Import Request.
  Time since last request: 0.000022 seconds.
  path: Assets/Scenes/MainMenu.unity
  artifactKey: Guid(f3b465e4c240aaf4fbd962721810af09) Importer(2089858483,192608db42251d675da83286b1cce702)
Start importing Assets/Scenes/MainMenu.unity using Guid(f3b465e4c240aaf4fbd962721810af09) Importer(2089858483,192608db42251d675da83286b1cce702) (ScriptedImporter) -> (artifact id: 'a5439e7d30df99202e11a2c29a41f076') in 0.0090363 seconds
Number of updated asset objects reloaded before import = 0Number of asset objects unloaded after import = 1

========================================================================
Received Import Request.
  Time since last request: 0.000039 seconds.
  path: Assets/Prefabs/Explosions/Materials/part_spark_blue_mat.mat
  artifactKey: Guid(b0c7cf51d3fecb446ab93bf854419715) Importer(2089858483,192608db42251d675da83286b1cce702)
Start importing Assets/Prefabs/Explosions/Materials/part_spark_blue_mat.mat using Guid(b0c7cf51d3fecb446ab93bf854419715) Importer(2089858483,192608db42251d675da83286b1cce702) (ScriptedImporter) -> (artifact id: 'b130a9aa8c89390af4c542d3861eec0f') in 0.0076911 seconds
Number of updated asset objects reloaded before import = 0Number of asset objects unloaded after import = 2

========================================================================
Received Import Request.
  Time since last request: 0.000023 seconds.
  path: Assets/Sounds/S364.WAV
  artifactKey: Guid(994954ca3d54f4a40b06ed720659d367) Importer(2089858483,192608db42251d675da83286b1cce702)
Start importing Assets/Sounds/S364.WAV using Guid(994954ca3d54f4a40b06ed720659d367) Importer(2089858483,192608db42251d675da83286b1cce702) (ScriptedImporter) -> (artifact id: '8e8738d7ec6191fbf46a159e2b8df2ea') in 0.0411964 seconds
Number of updated asset objects reloaded before import = 0Number of asset objects unloaded after import = 1

========================================================================
Received Import Request.
  Time since last request: 0.000057 seconds.
  path: Assets/Sprites/Main BG.png
  artifactKey: Guid(e39845c1b412d85438caf79c24c56ea6) Importer(2089858483,192608db42251d675da83286b1cce702)
Start importing Assets/Sprites/Main BG.png using Guid(e39845c1b412d85438caf79c24c56ea6) Importer(2089858483,192608db42251d675da83286b1cce702) (ScriptedImporter) -> (artifact id: '8a8c434a994b43c45c7925e00cf71700') in 0.0616024 seconds
Number of updated asset objects reloaded before import = 0Number of asset objects unloaded after import = 3

========================================================================
Received Import Request.
  Time since last request: 0.000031 seconds.
  path: Assets/Animations/Game Over Panel/Game Over Panel.controller
  artifactKey: Guid(4c4e0b3abb49d254e8f036bd96381a14) Importer(2089858483,192608db42251d675da83286b1cce702)
Start importing Assets/Animations/Game Over Panel/Game Over Panel.controller using Guid(4c4e0b3abb49d254e8f036bd96381a14) Importer(2089858483,192608db42251d675da83286b1cce702) (ScriptedImporter) -> (artifact id: 'cfaafd8efcd12630d4a042d124dff347') in 0.0448708 seconds
Number of updated asset objects reloaded before import = 0Number of asset objects unloaded after import = 5

========================================================================
Received Import Request.
  Time since last request: 0.000027 seconds.
  path: Assets/Materials/Background.mat
  artifactKey: Guid(b058c289fdf98e04fbadd4444207422f) Importer(2089858483,192608db42251d675da83286b1cce702)
Start importing Assets/Materials/Background.mat using Guid(b058c289fdf98e04fbadd4444207422f) Importer(2089858483,192608db42251d675da83286b1cce702) (ScriptedImporter) -> (artifact id: '9f22931cd5066672b7af89c7b98f1ef3') in 0.0104307 seconds
Number of updated asset objects reloaded before import = 0Number of asset objects unloaded after import = 2

========================================================================
Received Import Request.
  Time since last request: 0.000037 seconds.
  path: Assets/Scenes/GamePlay.unity
  artifactKey: Guid(668e59582122ab44b80a10d23d3f435d) Importer(2089858483,192608db42251d675da83286b1cce702)
Start importing Assets/Scenes/GamePlay.unity using Guid(668e59582122ab44b80a10d23d3f435d) Importer(2089858483,192608db42251d675da83286b1cce702) (ScriptedImporter) -> (artifact id: 'f4231ff0591dd44949314bc7ee668802') in 0.0137672 seconds
Number of updated asset objects reloaded before import = 0Number of asset objects unloaded after import = 1

========================================================================
Received Import Request.
  Time since last request: 0.000026 seconds.
  path: Assets/Scripts/Healthbar/Healthbar.cs
  artifactKey: Guid(adeb5a99586f524479cb9ace678c75e4) Importer(2089858483,192608db42251d675da83286b1cce702)
Start importing Assets/Scripts/Healthbar/Healthbar.cs using Guid(adeb5a99586f524479cb9ace678c75e4) Importer(2089858483,192608db42251d675da83286b1cce702) (ScriptedImporter) -> (artifact id: 'afcdbce53684d7f7e89f25766b49febe') in 0.0058289 seconds
Number of updated asset objects reloaded before import = 0Number of asset objects unloaded after import = 0

========================================================================
Received Import Request.
  Time since last request: 0.000275 seconds.
  path: Assets/Standard Assets/CNControls/Examples/Scenes/Custom Joystick/FourWayController.cs
  artifactKey: Guid(7231e344bf4fee244a3cbea5541b7188) Importer(2089858483,192608db42251d675da83286b1cce702)
Start importing Assets/Standard Assets/CNControls/Examples/Scenes/Custom Joystick/FourWayController.cs using Guid(7231e344bf4fee244a3cbea5541b7188) Importer(2089858483,192608db42251d675da83286b1cce702) (ScriptedImporter) -> (artifact id: '1af6e28c71e7445e33da26ce39dec1c4') in 0.0047772 seconds
Number of updated asset objects reloaded before import = 0Number of asset objects unloaded after import = 0

========================================================================
Received Import Request.
  Time since last request: 0.000080 seconds.
  path: Assets/Sounds/weapon_player.wav
  artifactKey: Guid(607666db1f7395549af02c9147cb859b) Importer(2089858483,192608db42251d675da83286b1cce702)
Start importing Assets/Sounds/weapon_player.wav using Guid(607666db1f7395549af02c9147cb859b) Importer(2089858483,192608db42251d675da83286b1cce702) (ScriptedImporter) -> (artifact id: '9b5cb72a44ffa25f5f42cf81094c5c3d') in 0.0557818 seconds
Number of updated asset objects reloaded before import = 0Number of asset objects unloaded after import = 1

========================================================================
Received Import Request.
  Time since last request: 0.000032 seconds.
  path: Assets/Standard Assets/CNControls/Editor/ErrorPopupWindow.cs
  artifactKey: Guid(0f2cbf6df83c52e44a58a474d14696bb) Importer(2089858483,192608db42251d675da83286b1cce702)
Start importing Assets/Standard Assets/CNControls/Editor/ErrorPopupWindow.cs using Guid(0f2cbf6df83c52e44a58a474d14696bb) Importer(2089858483,192608db42251d675da83286b1cce702) (ScriptedImporter) -> (artifact id: 'e1935b4d92725f63973eae71942da36e') in 0.0039255 seconds
Number of updated asset objects reloaded before import = 0Number of asset objects unloaded after import = 0

========================================================================
Received Import Request.
  Time since last request: 0.000151 seconds.
  path: Assets/Animations/Play Button/SlideIn.anim
  artifactKey: Guid(e2251907eb56afe4aba19c9589c0c548) Importer(2089858483,192608db42251d675da83286b1cce702)
Start importing Assets/Animations/Play Button/SlideIn.anim using Guid(e2251907eb56afe4aba19c9589c0c548) Importer(2089858483,192608db42251d675da83286b1cce702) (ScriptedImporter) -> (artifact id: '4f9785e4a4615d12de06b086e1e64e91') in 0.0129014 seconds
Number of updated asset objects reloaded before import = 0Number of asset objects unloaded after import = 1

========================================================================
Received Import Request.
  Time since last request: 0.000040 seconds.
  path: Assets/Prefabs/Explosions/Prefabs/explosion_asteroid.prefab
  artifactKey: Guid(2857e183f4cd3df4e9096e5b578bd32f) Importer(2089858483,192608db42251d675da83286b1cce702)
Start importing Assets/Prefabs/Explosions/Prefabs/explosion_asteroid.prefab using Guid(2857e183f4cd3df4e9096e5b578bd32f) Importer(2089858483,192608db42251d675da83286b1cce702) (ScriptedImporter) -> (artifact id: '99704bbe103a1776b488c98b9df8d164') in 0.1064266 seconds
Number of updated asset objects reloaded before import = 0Number of asset objects unloaded after import = 18

========================================================================
Received Import Request.
  Time since last request: 0.000030 seconds.
  path: Assets/Prefabs/Explosions/Prefabs/explosion_enemy.prefab
  artifactKey: Guid(384371afbb4354cc9a3fc68eab303756) Importer(2089858483,192608db42251d675da83286b1cce702)
Start importing Assets/Prefabs/Explosions/Prefabs/explosion_enemy.prefab using Guid(384371afbb4354cc9a3fc68eab303756) Importer(2089858483,192608db42251d675da83286b1cce702) (ScriptedImporter) -> (artifact id: '34293b88b32999e74ffe2a18016d04cc') in 0.0398206 seconds
Number of updated asset objects reloaded before import = 0Number of asset objects unloaded after import = 26

========================================================================
Received Import Request.
  Time since last request: 0.000039 seconds.
  path: Assets/Sprites/music.png
  artifactKey: Guid(e3c7bcb78a93efe46acb8745372bdd3a) Importer(2089858483,192608db42251d675da83286b1cce702)
Start importing Assets/Sprites/music.png using Guid(e3c7bcb78a93efe46acb8745372bdd3a) Importer(2089858483,192608db42251d675da83286b1cce702) (ScriptedImporter) -> (artifact id: '0d8de03cf535d7c3ce9476d6d05b4130') in 0.0237941 seconds
Number of updated asset objects reloaded before import = 0Number of asset objects unloaded after import = 3

========================================================================
Received Import Request.
  Time since last request: 0.000025 seconds.
  path: Assets/Sprites/Gameplay BG.png
  artifactKey: Guid(17a72d6951903484c8d2c7f21a987b89) Importer(2089858483,192608db42251d675da83286b1cce702)
Start importing Assets/Sprites/Gameplay BG.png using Guid(17a72d6951903484c8d2c7f21a987b89) Importer(2089858483,192608db42251d675da83286b1cce702) (ScriptedImporter) -> (artifact id: 'd51660a3fbb27b9021393419388bd771') in 0.0224417 seconds
Number of updated asset objects reloaded before import = 0Number of asset objects unloaded after import = 3

========================================================================
Received Import Request.
  Time since last request: 0.000027 seconds.
  path: Assets/Sprites/Plane 1.png
  artifactKey: Guid(aabb964831e2e414a8ee7d2a3c2ad702) Importer(2089858483,192608db42251d675da83286b1cce702)
Start importing Assets/Sprites/Plane 1.png using Guid(aabb964831e2e414a8ee7d2a3c2ad702) Importer(2089858483,192608db42251d675da83286b1cce702) (ScriptedImporter) -> (artifact id: 'dfdec56a5ad3d69ae3247283b1a4d3f2') in 0.0329678 seconds
Number of updated asset objects reloaded before import = 0Number of asset objects unloaded after import = 3

========================================================================
Received Import Request.
  Time since last request: 0.000019 seconds.
  path: Assets/Standard Assets/CNControls/Scripts/Controllers/Touchpad.cs
  artifactKey: Guid(15aa632517b93b5438ffbbbdfe98661d) Importer(2089858483,192608db42251d675da83286b1cce702)
Start importing Assets/Standard Assets/CNControls/Scripts/Controllers/Touchpad.cs using Guid(15aa632517b93b5438ffbbbdfe98661d) Importer(2089858483,192608db42251d675da83286b1cce702) (ScriptedImporter) -> (artifact id: '2154d35c9bd480a4e4b03015c3148870') in 0.004895 seconds
Number of updated asset objects reloaded before import = 0Number of asset objects unloaded after import = 0

========================================================================
Received Import Request.
  Time since last request: 0.000079 seconds.
  path: Assets/Sounds/S2157.WAV
  artifactKey: Guid(e36217742a64c624c982692b22a3356b) Importer(2089858483,192608db42251d675da83286b1cce702)
Start importing Assets/Sounds/S2157.WAV using Guid(e36217742a64c624c982692b22a3356b) Importer(2089858483,192608db42251d675da83286b1cce702) (ScriptedImporter) -> (artifact id: '51fc004f11f9c2c7407bbc8adda4f7ab') in 0.0364377 seconds
Number of updated asset objects reloaded before import = 0Number of asset objects unloaded after import = 1

========================================================================
Received Import Request.
  Time since last request: 0.000024 seconds.
  path: Assets/Prefabs/Bullets/Blue Bullet.prefab
  artifactKey: Guid(67401f79918ef654eb8c585ded486c84) Importer(2089858483,192608db42251d675da83286b1cce702)
Start importing Assets/Prefabs/Bullets/Blue Bullet.prefab using Guid(67401f79918ef654eb8c585ded486c84) Importer(2089858483,192608db42251d675da83286b1cce702) (ScriptedImporter) -> (artifact id: '4b951f5d369923cdf3b7e2da71bb4fb4') in 0.0162777 seconds
Number of updated asset objects reloaded before import = 0Number of asset objects unloaded after import = 10

========================================================================
Received Import Request.
  Time since last request: 0.000025 seconds.
  path: Assets/Prefabs/Enemies/Rock.prefab
  artifactKey: Guid(d2be1ca658393294f8e49d27a6d3b12d) Importer(2089858483,192608db42251d675da83286b1cce702)
Start importing Assets/Prefabs/Enemies/Rock.prefab using Guid(d2be1ca658393294f8e49d27a6d3b12d) Importer(2089858483,192608db42251d675da83286b1cce702) (ScriptedImporter) -> (artifact id: '00ea1f793e44683a9c49b9aec7a4b4cb') in 0.0152861 seconds
Number of updated asset objects reloaded before import = 0Number of asset objects unloaded after import = 10

========================================================================
Received Import Request.
  Time since last request: 0.000022 seconds.
  path: Assets/Scripts/Player/PlayerBounds.cs
  artifactKey: Guid(95849e80cd17c2e41b2c91552ddccaa6) Importer(2089858483,192608db42251d675da83286b1cce702)
Start importing Assets/Scripts/Player/PlayerBounds.cs using Guid(95849e80cd17c2e41b2c91552ddccaa6) Importer(2089858483,192608db42251d675da83286b1cce702) (ScriptedImporter) -> (artifact id: '43162d23504b288137b50b7e0566ca86') in 0.0061064 seconds
Number of updated asset objects reloaded before import = 0Number of asset objects unloaded after import = 0

========================================================================
Received Import Request.
  Time since last request: 0.000096 seconds.
  path: Assets/Standard Assets/CNControls/Scripts/Controllers/CommonOnScreenControl.cs
  artifactKey: Guid(2cc30ec9654a3874699b5f5a8af57270) Importer(2089858483,192608db42251d675da83286b1cce702)
Start importing Assets/Standard Assets/CNControls/Scripts/Controllers/CommonOnScreenControl.cs using Guid(2cc30ec9654a3874699b5f5a8af57270) Importer(2089858483,192608db42251d675da83286b1cce702) (ScriptedImporter) -> (artifact id: 'bf56f75c3d6b526c8c4d3f8945431191') in 0.0042919 seconds
Number of updated asset objects reloaded before import = 0Number of asset objects unloaded after import = 0

========================================================================
Received Import Request.
  Time since last request: 0.000078 seconds.
  path: Assets/Sprites/BG.png
  artifactKey: Guid(a90882886fbd71945b8398ece84773a4) Importer(2089858483,192608db42251d675da83286b1cce702)
Start importing Assets/Sprites/BG.png using Guid(a90882886fbd71945b8398ece84773a4) Importer(2089858483,192608db42251d675da83286b1cce702) (ScriptedImporter) -> (artifact id: 'd2cf2b1e4127b0767f825030a758e981') in 0.0902173 seconds
Number of updated asset objects reloaded before import = 0Number of asset objects unloaded after import = 3

========================================================================
Received Import Request.
  Time since last request: 0.000031 seconds.
  path: Assets/Standard Assets/CNControls/Examples/Scenes/Third Person/MultipurposeCameraRig.prefab
  artifactKey: Guid(baec086904791744185aaa07a6cf55c2) Importer(2089858483,192608db42251d675da83286b1cce702)
Start importing Assets/Standard Assets/CNControls/Examples/Scenes/Third Person/MultipurposeCameraRig.prefab using Guid(baec086904791744185aaa07a6cf55c2) Importer(2089858483,192608db42251d675da83286b1cce702) (ScriptedImporter) -> (artifact id: '44431025c4bb26f721d58ed69dc7ae02') in 0.0488974 seconds
Number of updated asset objects reloaded before import = 0Number of asset objects unloaded after import = 13

========================================================================
Received Import Request.
  Time since last request: 0.000038 seconds.
  path: Assets/Prefabs/Explosions/Materials/part_shockwave_mat.mat
  artifactKey: Guid(1d46a17a95a444c08830612bc1146d1d) Importer(2089858483,192608db42251d675da83286b1cce702)
Start importing Assets/Prefabs/Explosions/Materials/part_shockwave_mat.mat using Guid(1d46a17a95a444c08830612bc1146d1d) Importer(2089858483,192608db42251d675da83286b1cce702) (ScriptedImporter) -> (artifact id: '56cb159b81323074235398852f551a25') in 0.0100868 seconds
Number of updated asset objects reloaded before import = 0Number of asset objects unloaded after import = 2

========================================================================
Received Import Request.
  Time since last request: 0.000024 seconds.
  path: Assets/Prefabs/Bullets/Yellow Bullet.prefab
  artifactKey: Guid(6a01a004258a2dd49af49cdc8dc0fd2e) Importer(2089858483,192608db42251d675da83286b1cce702)
Start importing Assets/Prefabs/Bullets/Yellow Bullet.prefab using Guid(6a01a004258a2dd49af49cdc8dc0fd2e) Importer(2089858483,192608db42251d675da83286b1cce702) (ScriptedImporter) -> (artifact id: 'f650076fd4cc3f3cb71f28577bedc0b6') in 0.0364507 seconds
Number of updated asset objects reloaded before import = 0Number of asset objects unloaded after import = 54

========================================================================
Received Import Request.
  Time since last request: 0.000031 seconds.
  path: Assets/Sounds/explosion_enemy.wav
  artifactKey: Guid(315506c1671bafc4caf99f7c4a0f8155) Importer(2089858483,192608db42251d675da83286b1cce702)
Start importing Assets/Sounds/explosion_enemy.wav using Guid(315506c1671bafc4caf99f7c4a0f8155) Importer(2089858483,192608db42251d675da83286b1cce702) (ScriptedImporter) -> (artifact id: '9a7114ef72900e2a6ccb38a176e434a4') in 0.0666526 seconds
Number of updated asset objects reloaded before import = 0Number of asset objects unloaded after import = 1

========================================================================
Received Import Request.
  Time since last request: 0.000026 seconds.
  path: Assets/Scripts/Boss/HealthbarBoss1.cs
  artifactKey: Guid(2dfa96ad56fdbfb4a958c53642a0e5f8) Importer(2089858483,192608db42251d675da83286b1cce702)
Start importing Assets/Scripts/Boss/HealthbarBoss1.cs using Guid(2dfa96ad56fdbfb4a958c53642a0e5f8) Importer(2089858483,192608db42251d675da83286b1cce702) (ScriptedImporter) -> (artifact id: '8017f8cc27c3f1adbec1d752174a1e85') in 0.0041066 seconds
Number of updated asset objects reloaded before import = 0Number of asset objects unloaded after import = 0

========================================================================
Received Import Request.
  Time since last request: 0.000085 seconds.
  path: Assets/Scripts/BackGround/BGScaler.cs
  artifactKey: Guid(a97720ffc0256f247bd19b46abf8d76c) Importer(2089858483,192608db42251d675da83286b1cce702)
Start importing Assets/Scripts/BackGround/BGScaler.cs using Guid(a97720ffc0256f247bd19b46abf8d76c) Importer(2089858483,192608db42251d675da83286b1cce702) (ScriptedImporter) -> (artifact id: '98a15659a7d86f35996407549b2f1f5a') in 0.0048909 seconds
Number of updated asset objects reloaded before import = 0Number of asset objects unloaded after import = 0

========================================================================
Received Import Request.
  Time since last request: 0.000081 seconds.
  path: Assets/Standard Assets/CNControls/Editor/AdditionaHelpingGuidance.cs
  artifactKey: Guid(de2fdbbbfd047264c838afb6aa9e0c4d) Importer(2089858483,192608db42251d675da83286b1cce702)
Start importing Assets/Standard Assets/CNControls/Editor/AdditionaHelpingGuidance.cs using Guid(de2fdbbbfd047264c838afb6aa9e0c4d) Importer(2089858483,192608db42251d675da83286b1cce702) (ScriptedImporter) -> (artifact id: 'fd05524c48f7175380bf037de9b85361') in 0.0047294 seconds
Number of updated asset objects reloaded before import = 0Number of asset objects unloaded after import = 0

========================================================================
Received Import Request.
  Time since last request: 0.000091 seconds.
  path: Assets/Standard Assets/CNControls/Examples/Scenes/Touchpad Camera/RotateCamera.cs
  artifactKey: Guid(60aafd75dd462f2449b270080f141917) Importer(2089858483,192608db42251d675da83286b1cce702)
Start importing Assets/Standard Assets/CNControls/Examples/Scenes/Touchpad Camera/RotateCamera.cs using Guid(60aafd75dd462f2449b270080f141917) Importer(2089858483,192608db42251d675da83286b1cce702) (ScriptedImporter) -> (artifact id: 'a863cf8c4dee991248350cea08469212') in 0.0060215 seconds
Number of updated asset objects reloaded before import = 0Number of asset objects unloaded after import = 0

========================================================================
Received Import Request.
  Time since last request: 0.000073 seconds.
  path: Assets/Prefabs/Bullets/Green Bullet.prefab
  artifactKey: Guid(37a17c1327e07e94a981120beeb9fbfb) Importer(2089858483,192608db42251d675da83286b1cce702)
Start importing Assets/Prefabs/Bullets/Green Bullet.prefab using Guid(37a17c1327e07e94a981120beeb9fbfb) Importer(2089858483,192608db42251d675da83286b1cce702) (ScriptedImporter) -> (artifact id: '39307ded6c9722d13c9aaf7937e0a722') in 0.0366407 seconds
Number of updated asset objects reloaded before import = 0Number of asset objects unloaded after import = 54

========================================================================
Received Import Request.
  Time since last request: 0.000022 seconds.
  path: Assets/Sprites/Main Background.jpg
  artifactKey: Guid(864e887448122314bb7d2146b634e8d7) Importer(2089858483,192608db42251d675da83286b1cce702)
Start importing Assets/Sprites/Main Background.jpg using Guid(864e887448122314bb7d2146b634e8d7) Importer(2089858483,192608db42251d675da83286b1cce702) (ScriptedImporter) -> (artifact id: '9bc466e1d68eaba56565c1216e55dfe4') in 0.022707 seconds
Number of updated asset objects reloaded before import = 0Number of asset objects unloaded after import = 3

========================================================================
Received Import Request.
  Time since last request: 0.000028 seconds.
  path: Assets/Standard Assets/CNControls/Scripts/Controllers/Dpad.cs
  artifactKey: Guid(2fa290c3290a9e04cb780c61b130e5af) Importer(2089858483,192608db42251d675da83286b1cce702)
Start importing Assets/Standard Assets/CNControls/Scripts/Controllers/Dpad.cs using Guid(2fa290c3290a9e04cb780c61b130e5af) Importer(2089858483,192608db42251d675da83286b1cce702) (ScriptedImporter) -> (artifact id: '3acfa92f3438cd3f3bbee5ab380d95c1') in 0.0054482 seconds
Number of updated asset objects reloaded before import = 0Number of asset objects unloaded after import = 0

========================================================================
Received Import Request.
  Time since last request: 0.000103 seconds.
  path: Assets/Animations/Play Button/Play Button.controller
  artifactKey: Guid(efb465645bfa95f4c8ae4ec3a6f96fc4) Importer(2089858483,192608db42251d675da83286b1cce702)
Start importing Assets/Animations/Play Button/Play Button.controller using Guid(efb465645bfa95f4c8ae4ec3a6f96fc4) Importer(2089858483,192608db42251d675da83286b1cce702) (ScriptedImporter) -> (artifact id: 'b832ab9db1ab612bdcf09cbb0740bc7b') in 0.0273577 seconds
Number of updated asset objects reloaded before import = 0Number of asset objects unloaded after import = 4

========================================================================
Received Import Request.
  Time since last request: 0.000024 seconds.
  path: Assets/Scripts/Lantoa/Gun.cs
  artifactKey: Guid(55a9e2e54a0975245ba5ceee1239c8e7) Importer(2089858483,192608db42251d675da83286b1cce702)
Start importing Assets/Scripts/Lantoa/Gun.cs using Guid(55a9e2e54a0975245ba5ceee1239c8e7) Importer(2089858483,192608db42251d675da83286b1cce702) (ScriptedImporter) -> (artifact id: '7bcf00ab2ca0291724832c790ff6359b') in 0.0034917 seconds
Number of updated asset objects reloaded before import = 0Number of asset objects unloaded after import = 0

========================================================================
Received Import Request.
  Time since last request: 0.000086 seconds.
  path: Assets/Sprites/Yellow Bullet.png
  artifactKey: Guid(88b63f48b8445ec46985f8b0a88a019c) Importer(2089858483,192608db42251d675da83286b1cce702)
Start importing Assets/Sprites/Yellow Bullet.png using Guid(88b63f48b8445ec46985f8b0a88a019c) Importer(2089858483,192608db42251d675da83286b1cce702) (ScriptedImporter) -> (artifact id: 'bed3eb100b9cba76ddff8c4a219b545c') in 0.0231898 seconds
Number of updated asset objects reloaded before import = 0Number of asset objects unloaded after import = 3

Editor requested this worker to shutdown with reason: Scaling down because of idle timeout
AssetImportWorker is now disconnected from the server
Process exiting
Exiting without the bug reporter. Application will terminate with return code 0