Using pre-set license
Built from '2022.3/release' branch; Version is '2022.3.18f1 (d29bea25151d) revision 13802474'; Using compiler version '192829333'; Build Type 'Release'
OS: 'Windows 11  (10.0.22621) 64bit CoreSingleLanguage' Language: 'en' Physical Memory: 7880 MB
BatchMode: 1, IsHumanControllingUs: 0, StartBugReporterOnCrash: 0, Is64bit: 1, IsPro: 1

COMMAND LINE ARGUMENTS:
C:\Program Files\Unity 2022.3.18f1\Editor\Unity.exe
-adb2
-batchMode
-noUpm
-name
AssetImportWorker4
-projectPath
D:/2115277_BommerMan
-logFile
Logs/AssetImportWorker4.log
-srvPort
53732
Successfully changed project path to: D:/2115277_BommerMan
D:/2115277_BommerMan
[UnityMemory] Configuration Parameters - Can be set up in boot.config
    "memorysetup-bucket-allocator-granularity=16"
    "memorysetup-bucket-allocator-bucket-count=8"
    "memorysetup-bucket-allocator-block-size=33554432"
    "memorysetup-bucket-allocator-block-count=8"
    "memorysetup-main-allocator-block-size=16777216"
    "memorysetup-thread-allocator-block-size=16777216"
    "memorysetup-gfx-main-allocator-block-size=16777216"
    "memorysetup-gfx-thread-allocator-block-size=16777216"
    "memorysetup-cache-allocator-block-size=4194304"
    "memorysetup-typetree-allocator-block-size=2097152"
    "memorysetup-profiler-bucket-allocator-granularity=16"
    "memorysetup-profiler-bucket-allocator-bucket-count=8"
    "memorysetup-profiler-bucket-allocator-block-size=33554432"
    "memorysetup-profiler-bucket-allocator-block-count=8"
    "memorysetup-profiler-allocator-block-size=16777216"
    "memorysetup-profiler-editor-allocator-block-size=1048576"
    "memorysetup-temp-allocator-size-main=16777216"
    "memorysetup-job-temp-allocator-block-size=2097152"
    "memorysetup-job-temp-allocator-block-size-background=1048576"
    "memorysetup-job-temp-allocator-reduction-small-platforms=262144"
    "memorysetup-allocator-temp-initial-block-size-main=262144"
    "memorysetup-allocator-temp-initial-block-size-worker=262144"
    "memorysetup-temp-allocator-size-background-worker=32768"
    "memorysetup-temp-allocator-size-job-worker=262144"
    "memorysetup-temp-allocator-size-preload-manager=33554432"
    "memorysetup-temp-allocator-size-nav-mesh-worker=65536"
    "memorysetup-temp-allocator-size-audio-worker=65536"
    "memorysetup-temp-allocator-size-cloud-worker=32768"
    "memorysetup-temp-allocator-size-gi-baking-worker=262144"
    "memorysetup-temp-allocator-size-gfx=262144"
Player connection [6008] Host "[IP] 10.10.124.139 [Port] 0 [Flags] 2 [Guid] 2406188145 [EditorId] 2406188145 [Version] 1048832 [Id] WindowsEditor(7,PC639) [Debug] 1 [PackageName] WindowsEditor [ProjectName] Editor" joined multi-casting on [225.0.0.222:54997]...

Player connection [6008] Host "[IP] 10.10.124.139 [Port] 0 [Flags] 2 [Guid] 2406188145 [EditorId] 2406188145 [Version] 1048832 [Id] WindowsEditor(7,PC639) [Debug] 1 [PackageName] WindowsEditor [ProjectName] Editor" joined alternative multi-casting on [225.0.0.222:34997]...

[Physics::Module] Initialized MultithreadedJobDispatcher with 11 workers.
Refreshing native plugins compatible for Editor in 10.14 ms, found 4 plugins.
Preloading 0 native plugins for Editor in 0.00 ms.
Initialize engine version: 2022.3.18f1 (d29bea25151d)
[Subsystems] Discovering subsystems at path C:/Program Files/Unity 2022.3.18f1/Editor/Data/Resources/UnitySubsystems
[Subsystems] Discovering subsystems at path D:/2115277_BommerMan/Assets
GfxDevice: creating device client; threaded=0; jobified=0
Direct3D:
    Version:  Direct3D 11.0 [level 11.1]
    Renderer: Intel(R) UHD Graphics 770 (ID=0x4690)
    Vendor:   Intel
    VRAM:     3940 MB
    Driver:   31.0.101.4953
Initialize mono
Mono path[0] = 'C:/Program Files/Unity 2022.3.18f1/Editor/Data/Managed'
Mono path[1] = 'C:/Program Files/Unity 2022.3.18f1/Editor/Data/MonoBleedingEdge/lib/mono/unityjit-win32'
Mono config path = 'C:/Program Files/Unity 2022.3.18f1/Editor/Data/MonoBleedingEdge/etc'
Using monoOptions --debugger-agent=transport=dt_socket,embedding=1,server=y,suspend=n,address=127.0.0.1:56180
Begin MonoManager ReloadAssembly
Registering precompiled unity dll's ...
Register platform support module: C:/Program Files/Unity 2022.3.18f1/Editor/Data/PlaybackEngines/WindowsStandaloneSupport/UnityEditor.WindowsStandalone.Extensions.dll
Registered in 0.004394 seconds.
- Loaded All Assemblies, in  0.552 seconds
Native extension for WindowsStandalone target not found
Mono: successfully reloaded assembly
- Finished resetting the current domain, in  0.400 seconds
Domain Reload Profiling: 951ms
	BeginReloadAssembly (243ms)
		ExecutionOrderSort (0ms)
		DisableScriptedObjects (0ms)
		BackupInstance (0ms)
		ReleaseScriptingObjects (0ms)
		CreateAndSetChildDomain (1ms)
	RebuildCommonClasses (39ms)
	RebuildNativeTypeToScriptingClass (10ms)
	initialDomainReloadingComplete (70ms)
	LoadAllAssembliesAndSetupDomain (188ms)
		LoadAssemblies (241ms)
		RebuildTransferFunctionScriptingTraits (0ms)
		AnalyzeDomain (185ms)
			TypeCache.Refresh (183ms)
				TypeCache.ScanAssembly (164ms)
			ScanForSourceGeneratedMonoScriptInfo (0ms)
			ResolveRequiredComponents (1ms)
	FinalizeReload (401ms)
		ReleaseScriptCaches (0ms)
		RebuildScriptCaches (0ms)
		SetupLoadedEditorAssemblies (311ms)
			LogAssemblyErrors (0ms)
			InitializePlatformSupportModulesInManaged (12ms)
			SetLoadedEditorAssemblies (11ms)
			RefreshPlugins (0ms)
			BeforeProcessingInitializeOnLoad (4ms)
			ProcessInitializeOnLoadAttributes (206ms)
			ProcessInitializeOnLoadMethodAttributes (78ms)
			AfterProcessingInitializeOnLoad (0ms)
			EditorAssembliesLoaded (0ms)
		ExecutionOrderSort2 (0ms)
		AwakeInstancesAfterBackupRestoration (0ms)
========================================================================
Worker process is ready to serve import requests
Begin MonoManager ReloadAssembly
- Loaded All Assemblies, in  1.005 seconds
Refreshing native plugins compatible for Editor in 2.83 ms, found 4 plugins.
Native extension for WindowsStandalone target not found
Package Manager log level set to [2]
[Package Manager] Server::EnsureServerProcessIsRunning -- launch failed, reason: Unity was launched with the -noUpm command-line argument
[Package Manager] UpmClient::Send -- Unable to send message (not connected to UPM process).
[Package Manager] Cannot connect to Unity Package Manager local server
Mono: successfully reloaded assembly
- Finished resetting the current domain, in  1.089 seconds
Domain Reload Profiling: 2094ms
	BeginReloadAssembly (224ms)
		ExecutionOrderSort (0ms)
		DisableScriptedObjects (6ms)
		BackupInstance (0ms)
		ReleaseScriptingObjects (0ms)
		CreateAndSetChildDomain (31ms)
	RebuildCommonClasses (42ms)
	RebuildNativeTypeToScriptingClass (13ms)
	initialDomainReloadingComplete (50ms)
	LoadAllAssembliesAndSetupDomain (675ms)
		LoadAssemblies (531ms)
		RebuildTransferFunctionScriptingTraits (0ms)
		AnalyzeDomain (271ms)
			TypeCache.Refresh (234ms)
				TypeCache.ScanAssembly (202ms)
			ScanForSourceGeneratedMonoScriptInfo (31ms)
			ResolveRequiredComponents (5ms)
	FinalizeReload (1089ms)
		ReleaseScriptCaches (0ms)
		RebuildScriptCaches (0ms)
		SetupLoadedEditorAssemblies (800ms)
			LogAssemblyErrors (0ms)
			InitializePlatformSupportModulesInManaged (11ms)
			SetLoadedEditorAssemblies (7ms)
			RefreshPlugins (0ms)
			BeforeProcessingInitializeOnLoad (114ms)
			ProcessInitializeOnLoadAttributes (585ms)
			ProcessInitializeOnLoadMethodAttributes (78ms)
			AfterProcessingInitializeOnLoad (5ms)
			EditorAssembliesLoaded (1ms)
		ExecutionOrderSort2 (0ms)
		AwakeInstancesAfterBackupRestoration (12ms)
Launched and connected shader compiler UnityShaderCompiler.exe after 0.06 seconds
Refreshing native plugins compatible for Editor in 3.99 ms, found 4 plugins.
Preloading 0 native plugins for Editor in 0.00 ms.
Unloading 4027 Unused Serialized files (Serialized files now loaded: 0)
Unloading 63 unused Assets / (244.8 KB). Loaded Objects now: 4477.
Memory consumption went from 144.0 MB to 143.7 MB.
Total: 4.660300 ms (FindLiveObjects: 0.314100 ms CreateObjectMapping: 0.139000 ms MarkObjects: 3.675300 ms  DeleteObjects: 0.530100 ms)

AssetImportParameters requested are different than current active one (requested -> active):
  custom:container-demuxer-ogg: 62fdf1f143b41e24485cea50d1cbac27 -> 
  custom:video-codec-MediaFoundation-h265: 746d11721c4dcdbdad8f713fa42b33f4 -> 
  custom:video-decoder-ogg-theora: a1e56fd34408186e4bbccfd4996cb3dc -> 
  custom:framework-win-MediaFoundation: 216162199b28c13a410421893ffa2e32 -> 
  custom:CustomObjectIndexerAttribute: 6d391050e5a25f67b0a2c618074f2cd9 -> 
  custom:container-demuxer-webm: 4f35f7cbe854078d1ac9338744f61a02 -> 
  custom:container-muxer-webm: aa71ff27fc2769a1b78a27578f13a17b -> 
  custom:video-decoder-webm-vp8: 9c59270c3fd7afecdb556c50c9e8de78 -> 
  custom:SearchIndexIgnoredProperties: e643bd26f0fe6173181afceb89e7c659 -> 
  custom:AudioImporter_EditorPlatform: d09bf68614088b80899f8185d706f6e7 -> 
  custom:video-encoder-webm-vp8: eb34c28f22e8b96e1ab97ce403110664 -> 
  custom:audio-decoder-ogg-vorbis: bf7c407c2cedff20999df2af8eb42d56 -> 
  custom:audio-encoder-webm-vorbis: bf7c407c2cedff20999df2af8eb42d56 -> 
========================================================================
Received Import Request.
  Time since last request: 9811.965111 seconds.
  path: Assets/Palette/Palette_quaivat.prefab
  artifactKey: Guid(0abd99d21d287f649bdcad4ddce49909) Importer(815301076,1909f56bfc062723c751e8b465ee728b)
Start importing Assets/Palette/Palette_quaivat.prefab using Guid(0abd99d21d287f649bdcad4ddce49909) Importer(815301076,1909f56bfc062723c751e8b465ee728b)  -> (artifact id: '886ef6aeea6307e9e5d35e8d6db9cee1') in 0.110533 seconds
Number of updated asset objects reloaded before import = 0
Number of asset objects unloaded after import = 10
========================================================================
Received Import Request.
  Time since last request: 415.262831 seconds.
  path: Assets/Items/bomberman.png
  artifactKey: Guid(a06cd4eaf2406214aa036638173965ba) Importer(815301076,1909f56bfc062723c751e8b465ee728b)
Start importing Assets/Items/bomberman.png using Guid(a06cd4eaf2406214aa036638173965ba) Importer(815301076,1909f56bfc062723c751e8b465ee728b)  -> (artifact id: '62ce37a856f36d62b4a0b992695b1819') in 0.026203 seconds
Number of updated asset objects reloaded before import = 0
Number of asset objects unloaded after import = 2
========================================================================
Received Import Request.
  Time since last request: 27.592699 seconds.
  path: Assets/Items/bomberman.png
  artifactKey: Guid(a06cd4eaf2406214aa036638173965ba) Importer(815301076,1909f56bfc062723c751e8b465ee728b)
Start importing Assets/Items/bomberman.png using Guid(a06cd4eaf2406214aa036638173965ba) Importer(815301076,1909f56bfc062723c751e8b465ee728b)  -> (artifact id: '4dbf4d9f39f16d4616c7ca4b55beb97d') in 0.050587 seconds
Number of updated asset objects reloaded before import = 0
Number of asset objects unloaded after import = 12
========================================================================
Received Import Request.
  Time since last request: 335.081205 seconds.
  path: Assets/Animation/ani1.anim
  artifactKey: Guid(675e4e28dad59774a92f2ff9355f6768) Importer(815301076,1909f56bfc062723c751e8b465ee728b)
Start importing Assets/Animation/ani1.anim using Guid(675e4e28dad59774a92f2ff9355f6768) Importer(815301076,1909f56bfc062723c751e8b465ee728b)  -> (artifact id: '06d1c7e2efdb1c027b8a3752cde12a45') in 0.002784 seconds
Number of updated asset objects reloaded before import = 0
Number of asset objects unloaded after import = 1
========================================================================
Received Import Request.
  Time since last request: 10.706277 seconds.
  path: Assets/Animation/bomberman_0.controller
  artifactKey: Guid(79ff871ddf0cc764d984418258d478b6) Importer(815301076,1909f56bfc062723c751e8b465ee728b)
Start importing Assets/Animation/bomberman_0.controller using Guid(79ff871ddf0cc764d984418258d478b6) Importer(815301076,1909f56bfc062723c751e8b465ee728b)  -> (artifact id: 'dc98b0c5c4a43a14075ce904f5a5f012') in 0.002592 seconds
Number of updated asset objects reloaded before import = 0
Number of asset objects unloaded after import = 1
========================================================================
Received Import Request.
  Time since last request: 96.730498 seconds.
  path: Assets/Animation/bomberman_0 1.controller
  artifactKey: Guid(53ed275e02c541e40a184bb55a7016b3) Importer(815301076,1909f56bfc062723c751e8b465ee728b)
Start importing Assets/Animation/bomberman_0 1.controller using Guid(53ed275e02c541e40a184bb55a7016b3) Importer(815301076,1909f56bfc062723c751e8b465ee728b)  -> (artifact id: 'caa00ae50812c9acc859763a4810c30c') in 0.001695 seconds
Number of updated asset objects reloaded before import = 0
Number of asset objects unloaded after import = 1
========================================================================
Received Import Request.
  Time since last request: 2.087075 seconds.
  path: Assets/Animation/WalkRight.anim
  artifactKey: Guid(e963c891e5dfe354689a2eef8991d814) Importer(815301076,1909f56bfc062723c751e8b465ee728b)
Start importing Assets/Animation/WalkRight.anim using Guid(e963c891e5dfe354689a2eef8991d814) Importer(815301076,1909f56bfc062723c751e8b465ee728b)  -> (artifact id: 'a1f98059396aa4fc136fc20bd1f045c5') in 0.001082 seconds
Number of updated asset objects reloaded before import = 0
Number of asset objects unloaded after import = 1
========================================================================
Received Import Request.
  Time since last request: 206.266891 seconds.
  path: Assets/Palette/New Material.mat
  artifactKey: Guid(1311d34e7c5dbd2488a126c45b003566) Importer(815301076,1909f56bfc062723c751e8b465ee728b)
Start importing Assets/Palette/New Material.mat using Guid(1311d34e7c5dbd2488a126c45b003566) Importer(815301076,1909f56bfc062723c751e8b465ee728b)  -> (artifact id: 'b44e5cee2e35da62f61258cf49c4fbf6') in 0.282413 seconds
Number of updated asset objects reloaded before import = 0
Number of asset objects unloaded after import = 1
========================================================================
Received Import Request.
  Time since last request: 10.208687 seconds.
  path: Assets/Palette/New Timeline.playable
  artifactKey: Guid(6821df94f3828b64b9c1a364da0bcdbb) Importer(815301076,1909f56bfc062723c751e8b465ee728b)
Start importing Assets/Palette/New Timeline.playable using Guid(6821df94f3828b64b9c1a364da0bcdbb) Importer(815301076,1909f56bfc062723c751e8b465ee728b)  -> (artifact id: 'c341ffc8510ce76c80144f40a9dd4c29') in 0.006677 seconds
Number of updated asset objects reloaded before import = 0
Number of asset objects unloaded after import = 1
========================================================================
Received Import Request.
  Time since last request: 314.130183 seconds.
  path: Assets/Animation/WalkRight.anim
  artifactKey: Guid(e963c891e5dfe354689a2eef8991d814) Importer(815301076,1909f56bfc062723c751e8b465ee728b)
Start importing Assets/Animation/WalkRight.anim using Guid(e963c891e5dfe354689a2eef8991d814) Importer(815301076,1909f56bfc062723c751e8b465ee728b)  -> (artifact id: '394558afc68fa10882feb80810f1aed4') in 0.003580 seconds
Number of updated asset objects reloaded before import = 0
Number of asset objects unloaded after import = 1
========================================================================
Received Import Request.
  Time since last request: 17.040076 seconds.
  path: Assets/Animation
  artifactKey: Guid(d5be37b0eb1558f479765d33f5fd1365) Importer(815301076,1909f56bfc062723c751e8b465ee728b)
Start importing Assets/Animation using Guid(d5be37b0eb1558f479765d33f5fd1365) Importer(815301076,1909f56bfc062723c751e8b465ee728b)  -> (artifact id: '90a44b4cf2f8e1a9f8d1c97087102e3f') in 0.000921 seconds
Number of updated asset objects reloaded before import = 0
Number of asset objects unloaded after import = 0
========================================================================
Received Import Request.
  Time since last request: 22.166196 seconds.
  path: Assets/Animation/WalkLeft.anim
  artifactKey: Guid(68c41d3a19e4e3b4da2e67f3aa459f79) Importer(815301076,1909f56bfc062723c751e8b465ee728b)
Start importing Assets/Animation/WalkLeft.anim using Guid(68c41d3a19e4e3b4da2e67f3aa459f79) Importer(815301076,1909f56bfc062723c751e8b465ee728b)  -> (artifact id: 'fc96bf5e0f69e817c6850a86d69bc525') in 0.001056 seconds
Number of updated asset objects reloaded before import = 0
Number of asset objects unloaded after import = 1
========================================================================
Received Import Request.
  Time since last request: 21.799174 seconds.
  path: Assets/Animation/WalkBottom.anim
  artifactKey: Guid(b4744ab2de34845419c1cb3029a5e3bd) Importer(815301076,1909f56bfc062723c751e8b465ee728b)
Start importing Assets/Animation/WalkBottom.anim using Guid(b4744ab2de34845419c1cb3029a5e3bd) Importer(815301076,1909f56bfc062723c751e8b465ee728b)  -> (artifact id: 'd3cf5ec89541d0fc3868af2cc8def699') in 0.000972 seconds
Number of updated asset objects reloaded before import = 0
Number of asset objects unloaded after import = 1
========================================================================
Received Import Request.
  Time since last request: 12.270842 seconds.
  path: Assets/Animation/WalkTop.anim
  artifactKey: Guid(d4c6f33832580634791bc0747f8de1bb) Importer(815301076,1909f56bfc062723c751e8b465ee728b)
Start importing Assets/Animation/WalkTop.anim using Guid(d4c6f33832580634791bc0747f8de1bb) Importer(815301076,1909f56bfc062723c751e8b465ee728b)  -> (artifact id: '393797998f3afb037e9cc1349050ba9d') in 0.001166 seconds
Number of updated asset objects reloaded before import = 0
Number of asset objects unloaded after import = 1
========================================================================
Received Import Request.
  Time since last request: 36.050595 seconds.
  path: Assets/Items/WalkLeft.anim
  artifactKey: Guid(059ddd8404b3e8948928cd2013f99a3f) Importer(815301076,1909f56bfc062723c751e8b465ee728b)
Start importing Assets/Items/WalkLeft.anim using Guid(059ddd8404b3e8948928cd2013f99a3f) Importer(815301076,1909f56bfc062723c751e8b465ee728b)  -> (artifact id: 'acbecad175d6cf868ad0c69d831fa476') in 0.001103 seconds
Number of updated asset objects reloaded before import = 0
Number of asset objects unloaded after import = 1
