Using pre-set license
Built from '2022.3/release' branch; Version is '2022.3.18f1 (d29bea25151d) revision 13802474'; Using compiler version '192829333'; Build Type 'Release'
OS: 'Windows 11  (10.0.22621) 64bit CoreSingleLanguage' Language: 'en' Physical Memory: 7880 MB
BatchMode: 1, IsHumanControllingUs: 0, StartBugReporterOnCrash: 0, Is64bit: 1, IsPro: 1

COMMAND LINE ARGUMENTS:
C:\Program Files\Unity 2022.3.18f1\Editor\Unity.exe
-adb2
-batchMode
-noUpm
-name
AssetImportWorker0
-projectPath
D:/2115277_BommerMan
-logFile
Logs/AssetImportWorker0.log
-srvPort
53732
Successfully changed project path to: D:/2115277_BommerMan
D:/2115277_BommerMan
[UnityMemory] Configuration Parameters - Can be set up in boot.config
    "memorysetup-bucket-allocator-granularity=16"
    "memorysetup-bucket-allocator-bucket-count=8"
    "memorysetup-bucket-allocator-block-size=33554432"
    "memorysetup-bucket-allocator-block-count=8"
    "memorysetup-main-allocator-block-size=16777216"
    "memorysetup-thread-allocator-block-size=16777216"
    "memorysetup-gfx-main-allocator-block-size=16777216"
    "memorysetup-gfx-thread-allocator-block-size=16777216"
    "memorysetup-cache-allocator-block-size=4194304"
    "memorysetup-typetree-allocator-block-size=2097152"
    "memorysetup-profiler-bucket-allocator-granularity=16"
    "memorysetup-profiler-bucket-allocator-bucket-count=8"
    "memorysetup-profiler-bucket-allocator-block-size=33554432"
    "memorysetup-profiler-bucket-allocator-block-count=8"
    "memorysetup-profiler-allocator-block-size=16777216"
    "memorysetup-profiler-editor-allocator-block-size=1048576"
    "memorysetup-temp-allocator-size-main=16777216"
    "memorysetup-job-temp-allocator-block-size=2097152"
    "memorysetup-job-temp-allocator-block-size-background=1048576"
    "memorysetup-job-temp-allocator-reduction-small-platforms=262144"
    "memorysetup-allocator-temp-initial-block-size-main=262144"
    "memorysetup-allocator-temp-initial-block-size-worker=262144"
    "memorysetup-temp-allocator-size-background-worker=32768"
    "memorysetup-temp-allocator-size-job-worker=262144"
    "memorysetup-temp-allocator-size-preload-manager=33554432"
    "memorysetup-temp-allocator-size-nav-mesh-worker=65536"
    "memorysetup-temp-allocator-size-audio-worker=65536"
    "memorysetup-temp-allocator-size-cloud-worker=32768"
    "memorysetup-temp-allocator-size-gi-baking-worker=262144"
    "memorysetup-temp-allocator-size-gfx=262144"
Player connection [9280] Host "[IP] 10.10.124.139 [Port] 0 [Flags] 2 [Guid] 840208663 [EditorId] 840208663 [Version] 1048832 [Id] WindowsEditor(7,PC639) [Debug] 1 [PackageName] WindowsEditor [ProjectName] Editor" joined multi-casting on [225.0.0.222:54997]...

Player connection [9280] Host "[IP] 10.10.124.139 [Port] 0 [Flags] 2 [Guid] 840208663 [EditorId] 840208663 [Version] 1048832 [Id] WindowsEditor(7,PC639) [Debug] 1 [PackageName] WindowsEditor [ProjectName] Editor" joined alternative multi-casting on [225.0.0.222:34997]...

[Physics::Module] Initialized MultithreadedJobDispatcher with 11 workers.
Refreshing native plugins compatible for Editor in 19.49 ms, found 4 plugins.
Preloading 0 native plugins for Editor in 0.00 ms.
Initialize engine version: 2022.3.18f1 (d29bea25151d)
[Subsystems] Discovering subsystems at path C:/Program Files/Unity 2022.3.18f1/Editor/Data/Resources/UnitySubsystems
[Subsystems] Discovering subsystems at path D:/2115277_BommerMan/Assets
GfxDevice: creating device client; threaded=0; jobified=0
Direct3D:
    Version:  Direct3D 11.0 [level 11.1]
    Renderer: Intel(R) UHD Graphics 770 (ID=0x4690)
    Vendor:   Intel
    VRAM:     3940 MB
    Driver:   31.0.101.4953
Initialize mono
Mono path[0] = 'C:/Program Files/Unity 2022.3.18f1/Editor/Data/Managed'
Mono path[1] = 'C:/Program Files/Unity 2022.3.18f1/Editor/Data/MonoBleedingEdge/lib/mono/unityjit-win32'
Mono config path = 'C:/Program Files/Unity 2022.3.18f1/Editor/Data/MonoBleedingEdge/etc'
Using monoOptions --debugger-agent=transport=dt_socket,embedding=1,server=y,suspend=n,address=127.0.0.1:56752
Begin MonoManager ReloadAssembly
Registering precompiled unity dll's ...
Register platform support module: C:/Program Files/Unity 2022.3.18f1/Editor/Data/PlaybackEngines/WindowsStandaloneSupport/UnityEditor.WindowsStandalone.Extensions.dll
Registered in 0.005622 seconds.
- Loaded All Assemblies, in  0.567 seconds
Native extension for WindowsStandalone target not found
Mono: successfully reloaded assembly
- Finished resetting the current domain, in  0.344 seconds
Domain Reload Profiling: 910ms
	BeginReloadAssembly (294ms)
		ExecutionOrderSort (0ms)
		DisableScriptedObjects (0ms)
		BackupInstance (0ms)
		ReleaseScriptingObjects (0ms)
		CreateAndSetChildDomain (1ms)
	RebuildCommonClasses (45ms)
	RebuildNativeTypeToScriptingClass (9ms)
	initialDomainReloadingComplete (66ms)
	LoadAllAssembliesAndSetupDomain (151ms)
		LoadAssemblies (290ms)
		RebuildTransferFunctionScriptingTraits (0ms)
		AnalyzeDomain (149ms)
			TypeCache.Refresh (146ms)
				TypeCache.ScanAssembly (127ms)
			ScanForSourceGeneratedMonoScriptInfo (0ms)
			ResolveRequiredComponents (1ms)
	FinalizeReload (344ms)
		ReleaseScriptCaches (0ms)
		RebuildScriptCaches (0ms)
		SetupLoadedEditorAssemblies (256ms)
			LogAssemblyErrors (0ms)
			InitializePlatformSupportModulesInManaged (10ms)
			SetLoadedEditorAssemblies (9ms)
			RefreshPlugins (0ms)
			BeforeProcessingInitializeOnLoad (3ms)
			ProcessInitializeOnLoadAttributes (158ms)
			ProcessInitializeOnLoadMethodAttributes (75ms)
			AfterProcessingInitializeOnLoad (0ms)
			EditorAssembliesLoaded (0ms)
		ExecutionOrderSort2 (0ms)
		AwakeInstancesAfterBackupRestoration (0ms)
========================================================================
Worker process is ready to serve import requests
Begin MonoManager ReloadAssembly
- Loaded All Assemblies, in  1.144 seconds
Refreshing native plugins compatible for Editor in 5.21 ms, found 4 plugins.
Native extension for WindowsStandalone target not found
Package Manager log level set to [2]
[Package Manager] Server::EnsureServerProcessIsRunning -- launch failed, reason: Unity was launched with the -noUpm command-line argument
[Package Manager] UpmClient::Send -- Unable to send message (not connected to UPM process).
[Package Manager] Cannot connect to Unity Package Manager local server
Mono: successfully reloaded assembly
- Finished resetting the current domain, in  1.055 seconds
Domain Reload Profiling: 2198ms
	BeginReloadAssembly (343ms)
		ExecutionOrderSort (0ms)
		DisableScriptedObjects (14ms)
		BackupInstance (0ms)
		ReleaseScriptingObjects (0ms)
		CreateAndSetChildDomain (49ms)
	RebuildCommonClasses (58ms)
	RebuildNativeTypeToScriptingClass (14ms)
	initialDomainReloadingComplete (52ms)
	LoadAllAssembliesAndSetupDomain (675ms)
		LoadAssemblies (610ms)
		RebuildTransferFunctionScriptingTraits (0ms)
		AnalyzeDomain (242ms)
			TypeCache.Refresh (212ms)
				TypeCache.ScanAssembly (183ms)
			ScanForSourceGeneratedMonoScriptInfo (23ms)
			ResolveRequiredComponents (5ms)
	FinalizeReload (1055ms)
		ReleaseScriptCaches (0ms)
		RebuildScriptCaches (0ms)
		SetupLoadedEditorAssemblies (831ms)
			LogAssemblyErrors (0ms)
			InitializePlatformSupportModulesInManaged (8ms)
			SetLoadedEditorAssemblies (7ms)
			RefreshPlugins (0ms)
			BeforeProcessingInitializeOnLoad (175ms)
			ProcessInitializeOnLoadAttributes (598ms)
			ProcessInitializeOnLoadMethodAttributes (38ms)
			AfterProcessingInitializeOnLoad (5ms)
			EditorAssembliesLoaded (0ms)
		ExecutionOrderSort2 (0ms)
		AwakeInstancesAfterBackupRestoration (9ms)
Launched and connected shader compiler UnityShaderCompiler.exe after 0.05 seconds
Refreshing native plugins compatible for Editor in 1.93 ms, found 4 plugins.
Preloading 0 native plugins for Editor in 0.00 ms.
Unloading 4027 Unused Serialized files (Serialized files now loaded: 0)
Unloading 63 unused Assets / (244.2 KB). Loaded Objects now: 4476.
Memory consumption went from 143.9 MB to 143.7 MB.
Total: 4.427000 ms (FindLiveObjects: 0.391900 ms CreateObjectMapping: 0.142200 ms MarkObjects: 3.590100 ms  DeleteObjects: 0.288900 ms)

AssetImportParameters requested are different than current active one (requested -> active):
  custom:container-demuxer-ogg: 62fdf1f143b41e24485cea50d1cbac27 -> 
  custom:video-codec-MediaFoundation-h265: 746d11721c4dcdbdad8f713fa42b33f4 -> 
  custom:video-decoder-ogg-theora: a1e56fd34408186e4bbccfd4996cb3dc -> 
  custom:framework-win-MediaFoundation: 216162199b28c13a410421893ffa2e32 -> 
  custom:CustomObjectIndexerAttribute: 6d391050e5a25f67b0a2c618074f2cd9 -> 
  custom:container-demuxer-webm: 4f35f7cbe854078d1ac9338744f61a02 -> 
  custom:container-muxer-webm: aa71ff27fc2769a1b78a27578f13a17b -> 
  custom:video-decoder-webm-vp8: 9c59270c3fd7afecdb556c50c9e8de78 -> 
  custom:SearchIndexIgnoredProperties: e643bd26f0fe6173181afceb89e7c659 -> 
  custom:AudioImporter_EditorPlatform: d09bf68614088b80899f8185d706f6e7 -> 
  custom:video-encoder-webm-vp8: eb34c28f22e8b96e1ab97ce403110664 -> 
  custom:audio-decoder-ogg-vorbis: bf7c407c2cedff20999df2af8eb42d56 -> 
  custom:audio-encoder-webm-vorbis: bf7c407c2cedff20999df2af8eb42d56 -> 
========================================================================
Received Import Request.
  Time since last request: 8002.694165 seconds.
  path: Assets/Items
  artifactKey: Guid(0d0d930f17eb8a1499a2c2f5c948753a) Importer(815301076,1909f56bfc062723c751e8b465ee728b)
Start importing Assets/Items using Guid(0d0d930f17eb8a1499a2c2f5c948753a) Importer(815301076,1909f56bfc062723c751e8b465ee728b)  -> (artifact id: '9f516156a9a72b6659c448a05d063635') in 0.001960 seconds
Number of updated asset objects reloaded before import = 0
Number of asset objects unloaded after import = 0
========================================================================
Received Import Request.
  Time since last request: 58.183679 seconds.
  path: Assets/Palette/Map.prefab
  artifactKey: Guid(bbdad8f439bb1b041830f152f3dd627f) Importer(815301076,1909f56bfc062723c751e8b465ee728b)
Start importing Assets/Palette/Map.prefab using Guid(bbdad8f439bb1b041830f152f3dd627f) Importer(815301076,1909f56bfc062723c751e8b465ee728b)  -> (artifact id: '22bb58b94232d90cb79d56f28acb3794') in 0.130552 seconds
Number of updated asset objects reloaded before import = 0
Number of asset objects unloaded after import = 10
========================================================================
Received Import Request.
  Time since last request: 83.768969 seconds.
  path: Assets/Items/block_destroyable.png
  artifactKey: Guid(dc91838e485d7614493f79d0bde6c172) Importer(815301076,1909f56bfc062723c751e8b465ee728b)
Start importing Assets/Items/block_destroyable.png using Guid(dc91838e485d7614493f79d0bde6c172) Importer(815301076,1909f56bfc062723c751e8b465ee728b)  -> (artifact id: 'abc83ab437b1783bbaa2098144825e46') in 0.092407 seconds
Number of updated asset objects reloaded before import = 0
Number of asset objects unloaded after import = 3
========================================================================
Received Import Request.
  Time since last request: 0.000064 seconds.
  path: Assets/Items/bomberman.png
  artifactKey: Guid(a06cd4eaf2406214aa036638173965ba) Importer(815301076,1909f56bfc062723c751e8b465ee728b)
Start importing Assets/Items/bomberman.png using Guid(a06cd4eaf2406214aa036638173965ba) Importer(815301076,1909f56bfc062723c751e8b465ee728b)  -> (artifact id: '7d9906d632840da5c0bffd8b9c58b31f') in 0.043716 seconds
Number of updated asset objects reloaded before import = 0
Number of asset objects unloaded after import = 3
========================================================================
Received Import Request.
  Time since last request: 0.000050 seconds.
  path: Assets/Items/explosion.png
  artifactKey: Guid(e90111be6718f1b43a1382a234d60705) Importer(815301076,1909f56bfc062723c751e8b465ee728b)
Start importing Assets/Items/explosion.png using Guid(e90111be6718f1b43a1382a234d60705) Importer(815301076,1909f56bfc062723c751e8b465ee728b)  -> (artifact id: 'f56df15f7c52da4efd1cb5dd30d2d788') in 0.044261 seconds
Number of updated asset objects reloaded before import = 0
Number of asset objects unloaded after import = 3
========================================================================
Received Import Request.
  Time since last request: 0.000074 seconds.
  path: Assets/Items/worm.png
  artifactKey: Guid(8851b580fd971ec4f954b5b223b7fdcb) Importer(815301076,1909f56bfc062723c751e8b465ee728b)
Start importing Assets/Items/worm.png using Guid(8851b580fd971ec4f954b5b223b7fdcb) Importer(815301076,1909f56bfc062723c751e8b465ee728b)  -> (artifact id: '72ddd794ed69371e6fc437c42398c725') in 0.034348 seconds
Number of updated asset objects reloaded before import = 0
Number of asset objects unloaded after import = 3
========================================================================
Received Import Request.
  Time since last request: 0.000099 seconds.
  path: Assets/Items/bomb.png
  artifactKey: Guid(2dd3cf6b57835f544a656b81e9c7a798) Importer(815301076,1909f56bfc062723c751e8b465ee728b)
Start importing Assets/Items/bomb.png using Guid(2dd3cf6b57835f544a656b81e9c7a798) Importer(815301076,1909f56bfc062723c751e8b465ee728b)  -> (artifact id: '48d678f7ddf93934528c07175c89fa7e') in 0.041479 seconds
Number of updated asset objects reloaded before import = 0
Number of asset objects unloaded after import = 3
========================================================================
Received Import Request.
  Time since last request: 331.388060 seconds.
  path: Assets/Items/block_destroyable_0.asset
  artifactKey: Guid(57ae3c93724434445be9c4bc2973139b) Importer(815301076,1909f56bfc062723c751e8b465ee728b)
Start importing Assets/Items/block_destroyable_0.asset using Guid(57ae3c93724434445be9c4bc2973139b) Importer(815301076,1909f56bfc062723c751e8b465ee728b)  -> (artifact id: '0b5c4435c3831fa612244e277d02cd97') in 0.029751 seconds
Number of updated asset objects reloaded before import = 0
Number of asset objects unloaded after import = 3
========================================================================
Received Import Request.
  Time since last request: 1159.486396 seconds.
  path: Assets/Items/worm_1.asset
  artifactKey: Guid(bcb2399480bcf4141a883b2e791bbcaa) Importer(815301076,1909f56bfc062723c751e8b465ee728b)
Start importing Assets/Items/worm_1.asset using Guid(bcb2399480bcf4141a883b2e791bbcaa) Importer(815301076,1909f56bfc062723c751e8b465ee728b)  -> (artifact id: '977e0a2491c8f5ecce02fa64c13fe6c4') in 0.117039 seconds
Number of updated asset objects reloaded before import = 0
Number of asset objects unloaded after import = 3
========================================================================
Received Import Request.
  Time since last request: 0.000152 seconds.
  path: Assets/Items/worm_9.asset
  artifactKey: Guid(c2af4e25feda00a48981033dc6f735c9) Importer(815301076,1909f56bfc062723c751e8b465ee728b)
Start importing Assets/Items/worm_9.asset using Guid(c2af4e25feda00a48981033dc6f735c9) Importer(815301076,1909f56bfc062723c751e8b465ee728b)  -> (artifact id: '8e0f1d5119a8753eec135a3a98c2b4ce') in 0.020666 seconds
Number of updated asset objects reloaded before import = 0
Number of asset objects unloaded after import = 3
========================================================================
Received Import Request.
  Time since last request: 0.000119 seconds.
  path: Assets/Items/worm_4.asset
  artifactKey: Guid(053c7cd0eaad7b74ba5947e7c4ec22a0) Importer(815301076,1909f56bfc062723c751e8b465ee728b)
Start importing Assets/Items/worm_4.asset using Guid(053c7cd0eaad7b74ba5947e7c4ec22a0) Importer(815301076,1909f56bfc062723c751e8b465ee728b)  -> (artifact id: '3df4d2b6d41e5c6d4e3dba0a829a1054') in 0.034112 seconds
Number of updated asset objects reloaded before import = 0
Number of asset objects unloaded after import = 3
========================================================================
Received Import Request.
  Time since last request: 0.000040 seconds.
  path: Assets/Items/worm_7.asset
  artifactKey: Guid(df4b53aa7adbcc24fbf2817715c49a85) Importer(815301076,1909f56bfc062723c751e8b465ee728b)
Start importing Assets/Items/worm_7.asset using Guid(df4b53aa7adbcc24fbf2817715c49a85) Importer(815301076,1909f56bfc062723c751e8b465ee728b)  -> (artifact id: 'ec3f3100ff873c46fab7dfe790ef7005') in 0.028709 seconds
Number of updated asset objects reloaded before import = 0
Number of asset objects unloaded after import = 3
========================================================================
Received Import Request.
  Time since last request: 68.039905 seconds.
  path: Assets/Items/Triple_Worm.asset
  artifactKey: Guid(7ef37586824e6b143a85f642d8d19ab3) Importer(815301076,1909f56bfc062723c751e8b465ee728b)
Start importing Assets/Items/Triple_Worm.asset using Guid(7ef37586824e6b143a85f642d8d19ab3) Importer(815301076,1909f56bfc062723c751e8b465ee728b)  -> (artifact id: '4da0f19a687bca73f38aca8993118479') in 0.018772 seconds
Number of updated asset objects reloaded before import = 0
Number of asset objects unloaded after import = 3
========================================================================
Received Import Request.
  Time since last request: 20.256092 seconds.
  path: Assets/Items/worm_1.asset
  artifactKey: Guid(bcb2399480bcf4141a883b2e791bbcaa) Importer(815301076,1909f56bfc062723c751e8b465ee728b)
Start importing Assets/Items/worm_1.asset using Guid(bcb2399480bcf4141a883b2e791bbcaa) Importer(815301076,1909f56bfc062723c751e8b465ee728b)  -> (artifact id: '83f7847adbb5c5700c1f0128ea30c306') in 0.012683 seconds
Number of updated asset objects reloaded before import = 0
Number of asset objects unloaded after import = 3
========================================================================
Received Import Request.
  Time since last request: 0.000053 seconds.
  path: Assets/Items/worm_3.asset
  artifactKey: Guid(1222c8635a286df4ea7a5427772c819c) Importer(815301076,1909f56bfc062723c751e8b465ee728b)
Start importing Assets/Items/worm_3.asset using Guid(1222c8635a286df4ea7a5427772c819c) Importer(815301076,1909f56bfc062723c751e8b465ee728b)  -> (artifact id: 'a3e82a9e7efbd177d266da0fc5b97e22') in 0.014102 seconds
Number of updated asset objects reloaded before import = 0
Number of asset objects unloaded after import = 3
========================================================================
Received Import Request.
  Time since last request: 0.000067 seconds.
  path: Assets/Items/worm_8.asset
  artifactKey: Guid(11b52dcd23cb58b47902b3814ccd79c3) Importer(815301076,1909f56bfc062723c751e8b465ee728b)
Start importing Assets/Items/worm_8.asset using Guid(11b52dcd23cb58b47902b3814ccd79c3) Importer(815301076,1909f56bfc062723c751e8b465ee728b)  -> (artifact id: '8fe281e7ba417b51b6f246db7244aeca') in 0.016578 seconds
Number of updated asset objects reloaded before import = 0
Number of asset objects unloaded after import = 3
========================================================================
Received Import Request.
  Time since last request: 0.000044 seconds.
  path: Assets/Items/worm_6.asset
  artifactKey: Guid(f9615462dcea2f04fbe2ab17d44771de) Importer(815301076,1909f56bfc062723c751e8b465ee728b)
Start importing Assets/Items/worm_6.asset using Guid(f9615462dcea2f04fbe2ab17d44771de) Importer(815301076,1909f56bfc062723c751e8b465ee728b)  -> (artifact id: '207b315999f6c89c2ddbc78e2ddd7c3c') in 0.016783 seconds
Number of updated asset objects reloaded before import = 0
Number of asset objects unloaded after import = 3
Editor requested this worker to shutdown with reason: Scaling down because of idle timeout
TcpMessagingSession - receive error: operation aborted. errorcode: 995, details: The I/O operation has been aborted because of either a thread exit or an application request.
AssetImportWorker is now disconnected from the server
Process exiting
Exiting without the bug reporter. Application will terminate with return code 0